IntegrationDemo/platforms/android/app/build/outputs/logs/manifest-merger-debug-report.txt
-- Merging decision tree log ---
manifest
ADDED from src\main\AndroidManifest.xml:2:1-24:12
INJECTED from src\main\AndroidManifest.xml:2:1-24:12
INJECTED from src\main\AndroidManifest.xml:2:1-24:12
INJECTED from src\main\AndroidManifest.xml:2:1-24:12
MERGED from [:intellicusLib:] AndroidManifest.xml:2:1-188:12
MERGED from [com.android.support:appcompat-v7:27.1.1] AndroidManifest.xml:17:1-22:12
MERGED from [com.android.support:cardview-v7:27.1.1] AndroidManifest.xml:17:1-22:12
MERGED from [com.android.support:recyclerview-v7:27.1.1] AndroidManifest.xml:17:1-22:12
MERGED from [com.github.barteksc:android-pdf-viewer:3.1.0-beta.1] AndroidManifest.xml:2:1-11:12
MERGED from [com.github.barteksc:pdfium-android:1.9.0] AndroidManifest.xml:2:1-11:12
MERGED from [com.android.support:support-v4:27.1.1] AndroidManifest.xml:17:1-22:12
MERGED from [com.android.support:support-fragment:27.1.1] AndroidManifest.xml:17:1-22:12
MERGED from [com.android.support:animated-vector-drawable:27.1.1] AndroidManifest.xml:17:1-22:12
MERGED from [com.android.support:support-core-ui:27.1.1] AndroidManifest.xml:17:1-22:12
MERGED from [com.android.support:support-core-utils:27.1.1] AndroidManifest.xml:17:1-22:12
MERGED from [com.android.support:support-vector-drawable:27.1.1] AndroidManifest.xml:17:1-22:12
MERGED from [com.android.support:support-media-compat:27.1.1] AndroidManifest.xml:17:1-22:12
MERGED from [com.android.support:support-compat:27.1.1] AndroidManifest.xml:17:1-22:12
MERGED from [org.apmem.tools:layouts:1.10] AndroidManifest.xml:2:1-11:12
MERGED from [net.zetetic:android-database-sqlcipher:3.5.9] AndroidManifest.xml:2:1-11:12
MERGED from [com.android.support.constraint:constraint-layout:1.1.3] AndroidManifest.xml:2:1-11:12
MERGED from [:CordovaLib] AndroidManifest.xml:20:1-27:12
MERGED from [android.arch.lifecycle:livedata-core:1.1.0] AndroidManifest.xml:17:1-22:12
MERGED from [android.arch.lifecycle:viewmodel:1.1.0] AndroidManifest.xml:17:1-22:12
MERGED from [android.arch.lifecycle:runtime:1.1.0] AndroidManifest.xml:17:1-22:12
MERGED from [android.arch.core:runtime:1.1.0] AndroidManifest.xml:17:1-22:12
INJECTED from src\main\AndroidManifest.xml:2:1-24:12
INJECTED from src\main\AndroidManifest.xml:2:1-24:12
INJECTED from src\main\AndroidManifest.xml:2:1-24:12
	package
		ADDED from src\main\AndroidManifest.xml:2:98-124
		INJECTED from src\main\AndroidManifest.xml
		INJECTED from src\main\AndroidManifest.xml
	android:versionName
		ADDED from src\main\AndroidManifest.xml:2:70-97
		INJECTED from src\main\AndroidManifest.xml
		INJECTED from src\main\AndroidManifest.xml
	android:hardwareAccelerated
		ADDED from src\main\AndroidManifest.xml:2:11-45
	xmlns:android
		ADDED from src\main\AndroidManifest.xml:2:125-183
	android:versionCode
		ADDED from src\main\AndroidManifest.xml:2:46-69
		INJECTED from src\main\AndroidManifest.xml
		INJECTED from src\main\AndroidManifest.xml
supports-screens
ADDED from src\main\AndroidManifest.xml:3:5-191
MERGED from [:intellicusLib:] AndroidManifest.xml:20:5-53
MERGED from [:intellicusLib:] AndroidManifest.xml:20:5-53
	android:largeScreens
		ADDED from src\main\AndroidManifest.xml:3:49-76
	android:smallScreens
		ADDED from src\main\AndroidManifest.xml:3:132-159
	android:normalScreens
		ADDED from src\main\AndroidManifest.xml:3:77-105
	android:xlargeScreens
		ADDED from src\main\AndroidManifest.xml:3:160-188
	android:resizeable
		ADDED from src\main\AndroidManifest.xml:3:106-131
	android:anyDensity
		ADDED from src\main\AndroidManifest.xml:3:23-48
application
ADDED from src\main\AndroidManifest.xml:4:5-18:19
MERGED from [:intellicusLib:] AndroidManifest.xml:22:5-186:19
MERGED from [:intellicusLib:] AndroidManifest.xml:22:5-186:19
MERGED from [com.android.support.constraint:constraint-layout:1.1.3] AndroidManifest.xml:9:5-20
MERGED from [com.android.support.constraint:constraint-layout:1.1.3] AndroidManifest.xml:9:5-20
	android:supportsRtl
		ADDED from src\main\AndroidManifest.xml:4:182-208
	android:label
		ADDED from src\main\AndroidManifest.xml:4:81-113
	android:hardwareAccelerated
		ADDED from src\main\AndroidManifest.xml:4:18-52
	android:icon
		ADDED from src\main\AndroidManifest.xml:4:53-80
	android:theme
		ADDED from [:intellicusLib:] AndroidManifest.xml:25:9-54
	android:taskAffinity
		ADDED from [:intellicusLib:] AndroidManifest.xml:24:9-53
	android:name
		ADDED from src\main\AndroidManifest.xml:4:114-181
activity#io.ionic.starter.MainActivity
ADDED from src\main\AndroidManifest.xml:5:9-10:20
	android:label
		ADDED from src\main\AndroidManifest.xml:5:97-134
	android:launchMode
		ADDED from src\main\AndroidManifest.xml:5:135-165
	android:windowSoftInputMode
		ADDED from src\main\AndroidManifest.xml:5:257-299
	android:configChanges
		ADDED from src\main\AndroidManifest.xml:5:19-96
	android:theme
		ADDED from src\main\AndroidManifest.xml:5:194-256
	android:name
		ADDED from src\main\AndroidManifest.xml:5:166-193
intent-filter#android.intent.action.MAIN+android.intent.category.LAUNCHER
ADDED from src\main\AndroidManifest.xml:6:13-9:29
	android:label
		ADDED from src\main\AndroidManifest.xml:6:28-65
action#android.intent.action.MAIN
ADDED from src\main\AndroidManifest.xml:7:17-69
	android:name
		ADDED from src\main\AndroidManifest.xml:7:25-66
category#android.intent.category.LAUNCHER
ADDED from src\main\AndroidManifest.xml:8:17-77
	android:name
		ADDED from src\main\AndroidManifest.xml:8:27-74
activity#com.intellicus.poc.plugin.IALSupporrtActivity
ADDED from src\main\AndroidManifest.xml:11:9-109
	android:label
		ADDED from src\main\AndroidManifest.xml:11:19-45
	android:name
		ADDED from src\main\AndroidManifest.xml:11:46-106
activity#com.intellicus.addcomment.CommentComposer
ADDED from src\main\AndroidManifest.xml:12:9-208
MERGED from [:intellicusLib:] AndroidManifest.xml:142:9-145:61
MERGED from [:intellicusLib:] AndroidManifest.xml:142:9-145:61
	android:configChanges
		ADDED from src\main\AndroidManifest.xml:12:19-102
	android:theme
		ADDED from src\main\AndroidManifest.xml:12:160-205
	android:name
		ADDED from src\main\AndroidManifest.xml:12:103-159
activity#com.intellicus.android.OlapReportViewerActicity
ADDED from src\main\AndroidManifest.xml:13:9-249
MERGED from [:intellicusLib:] AndroidManifest.xml:151:9-155:61
MERGED from [:intellicusLib:] AndroidManifest.xml:151:9-155:61
	android:hardwareAccelerated
		ADDED from src\main\AndroidManifest.xml:13:103-137
	android:configChanges
		ADDED from src\main\AndroidManifest.xml:13:19-102
	android:theme
		ADDED from src\main\AndroidManifest.xml:13:201-246
	android:name
		ADDED from src\main\AndroidManifest.xml:13:138-200
activity#com.intellicus.android.RealTimeAdhocReportViewerActivity
ADDED from src\main\AndroidManifest.xml:14:9-298
MERGED from [:intellicusLib:] AndroidManifest.xml:166:9-171:55
MERGED from [:intellicusLib:] AndroidManifest.xml:166:9-171:55
	android:hardwareAccelerated
		ADDED from src\main\AndroidManifest.xml:14:103-137
	android:windowSoftInputMode
		ADDED from src\main\AndroidManifest.xml:14:256-295
	android:configChanges
		ADDED from src\main\AndroidManifest.xml:14:19-102
	android:theme
		ADDED from src\main\AndroidManifest.xml:14:210-255
	android:name
		ADDED from src\main\AndroidManifest.xml:14:138-209
provider#android.support.v4.content.FileProvider
ADDED from src\main\AndroidManifest.xml:15:9-17:20
MERGED from [:intellicusLib:] AndroidManifest.xml:177:9-185:20
MERGED from [:intellicusLib:] AndroidManifest.xml:177:9-185:20
	android:grantUriPermissions
		ADDED from src\main\AndroidManifest.xml:15:95-129
	android:authorities
		ADDED from src\main\AndroidManifest.xml:15:19-69
	android:exported
		ADDED from src\main\AndroidManifest.xml:15:70-94
	android:name
		ADDED from src\main\AndroidManifest.xml:15:130-184
meta-data#android.support.FILE_PROVIDER_PATHS
ADDED from src\main\AndroidManifest.xml:16:13-116
MERGED from [:intellicusLib:] AndroidManifest.xml:182:13-184:58
MERGED from [:intellicusLib:] AndroidManifest.xml:182:13-184:58
	android:resource
		ADDED from src\main\AndroidManifest.xml:16:75-113
	android:name
		ADDED from src\main\AndroidManifest.xml:16:24-74
uses-sdk
ADDED from src\main\AndroidManifest.xml:19:5-74
INJECTED from src\main\AndroidManifest.xml:19:5-74
MERGED from [:intellicusLib:] AndroidManifest.xml:7:5-9:41
MERGED from [:intellicusLib:] AndroidManifest.xml:7:5-9:41
MERGED from [com.android.support:appcompat-v7:27.1.1] AndroidManifest.xml:20:5-44
MERGED from [com.android.support:appcompat-v7:27.1.1] AndroidManifest.xml:20:5-44
MERGED from [com.android.support:cardview-v7:27.1.1] AndroidManifest.xml:20:5-44
MERGED from [com.android.support:cardview-v7:27.1.1] AndroidManifest.xml:20:5-44
MERGED from [com.android.support:recyclerview-v7:27.1.1] AndroidManifest.xml:20:5-44
MERGED from [com.android.support:recyclerview-v7:27.1.1] AndroidManifest.xml:20:5-44
MERGED from [com.github.barteksc:android-pdf-viewer:3.1.0-beta.1] AndroidManifest.xml:7:5-9:41
MERGED from [com.github.barteksc:android-pdf-viewer:3.1.0-beta.1] AndroidManifest.xml:7:5-9:41
MERGED from [com.github.barteksc:pdfium-android:1.9.0] AndroidManifest.xml:7:5-9:41
MERGED from [com.github.barteksc:pdfium-android:1.9.0] AndroidManifest.xml:7:5-9:41
MERGED from [com.android.support:support-v4:27.1.1] AndroidManifest.xml:20:5-44
MERGED from [com.android.support:support-v4:27.1.1] AndroidManifest.xml:20:5-44
MERGED from [com.android.support:support-fragment:27.1.1] AndroidManifest.xml:20:5-44
MERGED from [com.android.support:support-fragment:27.1.1] AndroidManifest.xml:20:5-44
MERGED from [com.android.support:animated-vector-drawable:27.1.1] AndroidManifest.xml:20:5-44
MERGED from [com.android.support:animated-vector-drawable:27.1.1] AndroidManifest.xml:20:5-44
MERGED from [com.android.support:support-core-ui:27.1.1] AndroidManifest.xml:20:5-44
MERGED from [com.android.support:support-core-ui:27.1.1] AndroidManifest.xml:20:5-44
MERGED from [com.android.support:support-core-utils:27.1.1] AndroidManifest.xml:20:5-44
MERGED from [com.android.support:support-core-utils:27.1.1] AndroidManifest.xml:20:5-44
MERGED from [com.android.support:support-vector-drawable:27.1.1] AndroidManifest.xml:20:5-44
MERGED from [com.android.support:support-vector-drawable:27.1.1] AndroidManifest.xml:20:5-44
MERGED from [com.android.support:support-media-compat:27.1.1] AndroidManifest.xml:20:5-44
MERGED from [com.android.support:support-media-compat:27.1.1] AndroidManifest.xml:20:5-44
MERGED from [com.android.support:support-compat:27.1.1] AndroidManifest.xml:20:5-44
MERGED from [com.android.support:support-compat:27.1.1] AndroidManifest.xml:20:5-44
MERGED from [org.apmem.tools:layouts:1.10] AndroidManifest.xml:7:5-9:41
MERGED from [org.apmem.tools:layouts:1.10] AndroidManifest.xml:7:5-9:41
MERGED from [net.zetetic:android-database-sqlcipher:3.5.9] AndroidManifest.xml:7:5-9:41
MERGED from [net.zetetic:android-database-sqlcipher:3.5.9] AndroidManifest.xml:7:5-9:41
MERGED from [com.android.support.constraint:constraint-layout:1.1.3] AndroidManifest.xml:5:5-7:41
MERGED from [com.android.support.constraint:constraint-layout:1.1.3] AndroidManifest.xml:5:5-7:41
MERGED from [:CordovaLib] AndroidManifest.xml:25:5-44
MERGED from [:CordovaLib] AndroidManifest.xml:25:5-44
MERGED from [android.arch.lifecycle:livedata-core:1.1.0] AndroidManifest.xml:20:5-44
MERGED from [android.arch.lifecycle:livedata-core:1.1.0] AndroidManifest.xml:20:5-44
MERGED from [android.arch.lifecycle:viewmodel:1.1.0] AndroidManifest.xml:20:5-44
MERGED from [android.arch.lifecycle:viewmodel:1.1.0] AndroidManifest.xml:20:5-44
MERGED from [android.arch.lifecycle:runtime:1.1.0] AndroidManifest.xml:20:5-44
MERGED from [android.arch.lifecycle:runtime:1.1.0] AndroidManifest.xml:20:5-44
MERGED from [android.arch.core:runtime:1.1.0] AndroidManifest.xml:20:5-44
MERGED from [android.arch.core:runtime:1.1.0] AndroidManifest.xml:20:5-44
INJECTED from src\main\AndroidManifest.xml:19:5-74
	android:targetSdkVersion
		ADDED from src\main\AndroidManifest.xml:19:42-71
	android:minSdkVersion
		ADDED from src\main\AndroidManifest.xml:19:15-41
		INJECTED from src\main\AndroidManifest.xml
		INJECTED from src\main\AndroidManifest.xml
uses-permission#android.permission.INTERNET
ADDED from src\main\AndroidManifest.xml:20:5-67
MERGED from [:intellicusLib:] AndroidManifest.xml:15:5-67
MERGED from [:intellicusLib:] AndroidManifest.xml:15:5-67
	android:name
		ADDED from src\main\AndroidManifest.xml:20:22-64
uses-permission#android.permission.ACCESS_WIFI_STATE
ADDED from src\main\AndroidManifest.xml:21:5-76
MERGED from [:intellicusLib:] AndroidManifest.xml:16:5-76
MERGED from [:intellicusLib:] AndroidManifest.xml:16:5-76
	android:name
		ADDED from src\main\AndroidManifest.xml:21:22-73
uses-permission#android.permission.WRITE_EXTERNAL_STORAGE
ADDED from src\main\AndroidManifest.xml:22:5-81
MERGED from [:intellicusLib:] AndroidManifest.xml:17:5-81
MERGED from [:intellicusLib:] AndroidManifest.xml:17:5-81
	android:name
		ADDED from src\main\AndroidManifest.xml:22:22-78
uses-permission#android.permission.VIBRATE
ADDED from src\main\AndroidManifest.xml:23:5-66
MERGED from [:intellicusLib:] AndroidManifest.xml:18:5-66
MERGED from [:intellicusLib:] AndroidManifest.xml:18:5-66
	android:name
		ADDED from src\main\AndroidManifest.xml:23:22-63
activity#com.intellicus.android.BrowseActivity
ADDED from [:intellicusLib:] AndroidManifest.xml:26:9-31:20
	android:windowSoftInputMode
		ADDED from [:intellicusLib:] AndroidManifest.xml:30:13-52
	android:configChanges
		ADDED from [:intellicusLib:] AndroidManifest.xml:28:13-96
	android:theme
		ADDED from [:intellicusLib:] AndroidManifest.xml:29:13-55
	android:name
		ADDED from [:intellicusLib:] AndroidManifest.xml:27:13-65
activity#com.intellicus.android.EntityListActivity
ADDED from [:intellicusLib:] AndroidManifest.xml:32:9-35:20
	android:theme
		ADDED from [:intellicusLib:] AndroidManifest.xml:34:13-58
	android:name
		ADDED from [:intellicusLib:] AndroidManifest.xml:33:13-69
activity#com.intellicus.android.ImportActivity
ADDED from [:intellicusLib:] AndroidManifest.xml:36:9-41:20
	android:windowSoftInputMode
		ADDED from [:intellicusLib:] AndroidManifest.xml:40:13-54
	android:configChanges
		ADDED from [:intellicusLib:] AndroidManifest.xml:38:13-96
	android:theme
		ADDED from [:intellicusLib:] AndroidManifest.xml:39:13-58
	android:name
		ADDED from [:intellicusLib:] AndroidManifest.xml:37:13-65
activity#com.intellicus.android.HelpAndAboutActivity
ADDED from [:intellicusLib:] AndroidManifest.xml:42:9-45:20
	android:theme
		ADDED from [:intellicusLib:] AndroidManifest.xml:44:13-58
	android:name
		ADDED from [:intellicusLib:] AndroidManifest.xml:43:13-71
activity#com.intellicus.android.DatasetAnalyzeActivity
ADDED from [:intellicusLib:] AndroidManifest.xml:46:9-51:20
	android:windowSoftInputMode
		ADDED from [:intellicusLib:] AndroidManifest.xml:50:13-52
	android:configChanges
		ADDED from [:intellicusLib:] AndroidManifest.xml:48:13-96
	android:theme
		ADDED from [:intellicusLib:] AndroidManifest.xml:49:13-58
	android:name
		ADDED from [:intellicusLib:] AndroidManifest.xml:47:13-73
activity#com.intellicus.android.SavedViewsActivity
ADDED from [:intellicusLib:] AndroidManifest.xml:62:9-66:20
	android:hardwareAccelerated
		ADDED from [:intellicusLib:] AndroidManifest.xml:64:13-48
	android:theme
		ADDED from [:intellicusLib:] AndroidManifest.xml:65:13-50
	android:name
		ADDED from [:intellicusLib:] AndroidManifest.xml:63:13-69
activity#com.intellicus.android.AdhocReportsSnapListActivity
ADDED from [:intellicusLib:] AndroidManifest.xml:67:9-71:20
	android:hardwareAccelerated
		ADDED from [:intellicusLib:] AndroidManifest.xml:69:13-48
	android:theme
		ADDED from [:intellicusLib:] AndroidManifest.xml:70:13-50
	android:name
		ADDED from [:intellicusLib:] AndroidManifest.xml:68:13-79
activity#com.intellicus.android.SummarizedDashboardActivity
ADDED from [:intellicusLib:] AndroidManifest.xml:72:9-77:20
	android:hardwareAccelerated
		ADDED from [:intellicusLib:] AndroidManifest.xml:74:13-47
	android:windowSoftInputMode
		ADDED from [:intellicusLib:] AndroidManifest.xml:76:13-52
	android:theme
		ADDED from [:intellicusLib:] AndroidManifest.xml:75:13-58
	android:name
		ADDED from [:intellicusLib:] AndroidManifest.xml:73:13-78
activity#com.intellicus.android.DashboardDetailActivity
ADDED from [:intellicusLib:] AndroidManifest.xml:78:9-83:20
	android:hardwareAccelerated
		ADDED from [:intellicusLib:] AndroidManifest.xml:81:13-47
	android:configChanges
		ADDED from [:intellicusLib:] AndroidManifest.xml:80:13-96
	android:theme
		ADDED from [:intellicusLib:] AndroidManifest.xml:82:13-58
	android:name
		ADDED from [:intellicusLib:] AndroidManifest.xml:79:13-74
activity#com.intellicus.android.htmlreportviewer.HTMLReportViewer
ADDED from [:intellicusLib:] AndroidManifest.xml:84:9-87:61
	android:configChanges
		ADDED from [:intellicusLib:] AndroidManifest.xml:86:13-96
	android:theme
		ADDED from [:intellicusLib:] AndroidManifest.xml:87:13-58
	android:name
		ADDED from [:intellicusLib:] AndroidManifest.xml:85:13-84
activity#com.intellicus.android.htmlreportviewer.GenReportViewer
ADDED from [:intellicusLib:] AndroidManifest.xml:88:9-90:61
	android:theme
		ADDED from [:intellicusLib:] AndroidManifest.xml:90:13-58
	android:name
		ADDED from [:intellicusLib:] AndroidManifest.xml:89:13-83
activity#com.intellicus.android.SavedReportsSnapListView
ADDED from [:intellicusLib:] AndroidManifest.xml:91:9-94:53
	android:hardwareAccelerated
		ADDED from [:intellicusLib:] AndroidManifest.xml:93:13-48
	android:theme
		ADDED from [:intellicusLib:] AndroidManifest.xml:94:13-50
	android:name
		ADDED from [:intellicusLib:] AndroidManifest.xml:92:13-75
activity#com.intellicus.android.DeviceInfoActivity
ADDED from [:intellicusLib:] AndroidManifest.xml:95:9-97:61
	android:theme
		ADDED from [:intellicusLib:] AndroidManifest.xml:97:13-58
	android:name
		ADDED from [:intellicusLib:] AndroidManifest.xml:96:13-69
activity#com.intellicus.android.LoginActivity
ADDED from [:intellicusLib:] AndroidManifest.xml:98:9-103:20
	android:label
		ADDED from [:intellicusLib:] AndroidManifest.xml:100:13-45
	android:windowSoftInputMode
		ADDED from [:intellicusLib:] AndroidManifest.xml:102:13-52
	android:theme
		ADDED from [:intellicusLib:] AndroidManifest.xml:101:13-57
	android:name
		ADDED from [:intellicusLib:] AndroidManifest.xml:99:13-64
activity#com.intellicus.android.IALDefaultServerActivity
ADDED from [:intellicusLib:] AndroidManifest.xml:104:9-111:20
	android:label
		ADDED from [:intellicusLib:] AndroidManifest.xml:107:13-45
	android:windowSoftInputMode
		ADDED from [:intellicusLib:] AndroidManifest.xml:109:13-52
	android:configChanges
		ADDED from [:intellicusLib:] AndroidManifest.xml:106:13-96
	android:theme
		ADDED from [:intellicusLib:] AndroidManifest.xml:108:13-57
	android:name
		ADDED from [:intellicusLib:] AndroidManifest.xml:105:13-75
activity#com.intellicus.android.PasscodeActivity
ADDED from [:intellicusLib:] AndroidManifest.xml:112:9-115:75
	android:windowSoftInputMode
		ADDED from [:intellicusLib:] AndroidManifest.xml:115:13-72
	android:theme
		ADDED from [:intellicusLib:] AndroidManifest.xml:114:13-60
	android:name
		ADDED from [:intellicusLib:] AndroidManifest.xml:113:13-67
activity#com.intellicus.android.LockActivity
ADDED from [:intellicusLib:] AndroidManifest.xml:116:9-121:63
	android:excludeFromRecents
		ADDED from [:intellicusLib:] AndroidManifest.xml:119:13-46
	android:windowSoftInputMode
		ADDED from [:intellicusLib:] AndroidManifest.xml:121:13-60
	android:configChanges
		ADDED from [:intellicusLib:] AndroidManifest.xml:118:13-96
	android:theme
		ADDED from [:intellicusLib:] AndroidManifest.xml:120:13-58
	android:name
		ADDED from [:intellicusLib:] AndroidManifest.xml:117:13-63
activity#com.intellicus.android.RemovePasscodeActivity
ADDED from [:intellicusLib:] AndroidManifest.xml:122:9-125:75
	android:windowSoftInputMode
		ADDED from [:intellicusLib:] AndroidManifest.xml:125:13-72
	android:theme
		ADDED from [:intellicusLib:] AndroidManifest.xml:124:13-57
	android:name
		ADDED from [:intellicusLib:] AndroidManifest.xml:123:13-73
activity#com.intellicus.android.widget.StanderdReportTamplateActivity
ADDED from [:intellicusLib:] AndroidManifest.xml:126:9-128:60
	android:theme
		ADDED from [:intellicusLib:] AndroidManifest.xml:128:13-57
	android:name
		ADDED from [:intellicusLib:] AndroidManifest.xml:127:13-88
activity#com.intellicus.android.DateTimePickerActivity
ADDED from [:intellicusLib:] AndroidManifest.xml:129:9-131:61
	android:theme
		ADDED from [:intellicusLib:] AndroidManifest.xml:131:13-58
	android:name
		ADDED from [:intellicusLib:] AndroidManifest.xml:130:13-73
activity#com.intellicus.android.ParameterFormActivity
ADDED from [:intellicusLib:] AndroidManifest.xml:132:9-136:55
	android:windowSoftInputMode
		ADDED from [:intellicusLib:] AndroidManifest.xml:136:13-52
	android:configChanges
		ADDED from [:intellicusLib:] AndroidManifest.xml:134:13-96
	android:theme
		ADDED from [:intellicusLib:] AndroidManifest.xml:135:13-58
	android:name
		ADDED from [:intellicusLib:] AndroidManifest.xml:133:13-72
activity#com.intellicus.android.DashBoardParameterFormActivity
ADDED from [:intellicusLib:] AndroidManifest.xml:137:9-141:55
	android:windowSoftInputMode
		ADDED from [:intellicusLib:] AndroidManifest.xml:141:13-52
	android:configChanges
		ADDED from [:intellicusLib:] AndroidManifest.xml:139:13-96
	android:theme
		ADDED from [:intellicusLib:] AndroidManifest.xml:140:13-58
	android:name
		ADDED from [:intellicusLib:] AndroidManifest.xml:138:13-81
activity#com.intellicus.android.OlapObjectViewerActicity
ADDED from [:intellicusLib:] AndroidManifest.xml:146:9-150:61
	android:hardwareAccelerated
		ADDED from [:intellicusLib:] AndroidManifest.xml:149:13-48
	android:configChanges
		ADDED from [:intellicusLib:] AndroidManifest.xml:148:13-96
	android:theme
		ADDED from [:intellicusLib:] AndroidManifest.xml:150:13-58
	android:name
		ADDED from [:intellicusLib:] AndroidManifest.xml:147:13-75
activity#com.intellicus.android.paramview.PredefSelectionActivity_New
ADDED from [:intellicusLib:] AndroidManifest.xml:156:9-160:55
	android:windowSoftInputMode
		ADDED from [:intellicusLib:] AndroidManifest.xml:160:13-52
	android:configChanges
		ADDED from [:intellicusLib:] AndroidManifest.xml:158:13-96
	android:theme
		ADDED from [:intellicusLib:] AndroidManifest.xml:159:13-65
	android:name
		ADDED from [:intellicusLib:] AndroidManifest.xml:157:13-88
activity#com.intellicus.android.paramview.PredefSelectionActivity
ADDED from [:intellicusLib:] AndroidManifest.xml:161:9-165:55
	android:windowSoftInputMode
		ADDED from [:intellicusLib:] AndroidManifest.xml:165:13-52
	android:configChanges
		ADDED from [:intellicusLib:] AndroidManifest.xml:163:13-96
	android:theme
		ADDED from [:intellicusLib:] AndroidManifest.xml:164:13-58
	android:name
		ADDED from [:intellicusLib:] AndroidManifest.xml:162:13-84
meta-data#io.fabric.ApiKey
ADDED from [:intellicusLib:] AndroidManifest.xml:173:9-175:72
	android:value
		ADDED from [:intellicusLib:] AndroidManifest.xml:175:13-69
	android:name
		ADDED from [:intellicusLib:] AndroidManifest.xml:174:13-44